<?xml version="1.0" encoding="UTF-8"?>
<testng-results ignored="0" total="4" passed="4" failed="0" skipped="0">
  <reporter-output>
  </reporter-output>
  <suite started-at="2025-08-07T21:38:52 IST" name="ParallelBrowserTest" finished-at="2025-08-07T21:39:53 IST" duration-ms="60596">
    <groups>
    </groups>
    <test started-at="2025-08-07T21:38:52 IST" name="EdgeTest" finished-at="2025-08-07T21:39:50 IST" duration-ms="57583">
      <class name="OrangeHRMTest.LoginTest">
        <test-method is-config="true" signature="initReport()[pri:0, instance:OrangeHRMTest.LoginTest@1fa121e2]" started-at="2025-08-07T21:38:52 IST" name="initReport" finished-at="2025-08-07T21:38:54 IST" duration-ms="1233" status="PASS">
          <reporter-output>
          </reporter-output>
        </test-method> <!-- initReport -->
        <test-method is-config="true" signature="setupTest()[pri:0, instance:OrangeHRMTest.LoginTest@1fa121e2]" started-at="2025-08-07T21:38:54 IST" name="setupTest" finished-at="2025-08-07T21:39:21 IST" duration-ms="27169" status="PASS">
          <reporter-output>
          </reporter-output>
        </test-method> <!-- setupTest -->
        <test-method signature="validLoginTest()[pri:1, instance:OrangeHRMTest.LoginTest@1fa121e2]" started-at="2025-08-07T21:39:21 IST" name="validLoginTest" finished-at="2025-08-07T21:39:26 IST" duration-ms="5115" status="PASS">
          <reporter-output>
          </reporter-output>
        </test-method> <!-- validLoginTest -->
        <test-method is-config="true" signature="tearDownTest()[pri:0, instance:OrangeHRMTest.LoginTest@1fa121e2]" started-at="2025-08-07T21:39:26 IST" name="tearDownTest" finished-at="2025-08-07T21:39:33 IST" duration-ms="6829" status="PASS">
          <reporter-output>
          </reporter-output>
        </test-method> <!-- tearDownTest -->
        <test-method is-config="true" signature="setupTest()[pri:0, instance:OrangeHRMTest.LoginTest@1fa121e2]" started-at="2025-08-07T21:39:33 IST" name="setupTest" finished-at="2025-08-07T21:39:42 IST" duration-ms="9218" status="PASS">
          <reporter-output>
          </reporter-output>
        </test-method> <!-- setupTest -->
        <test-method signature="invalidLoginTest()[pri:2, instance:OrangeHRMTest.LoginTest@1fa121e2]" started-at="2025-08-07T21:39:42 IST" name="invalidLoginTest" finished-at="2025-08-07T21:39:47 IST" duration-ms="5480" status="PASS">
          <reporter-output>
          </reporter-output>
        </test-method> <!-- invalidLoginTest -->
        <test-method is-config="true" signature="tearDownTest()[pri:0, instance:OrangeHRMTest.LoginTest@1fa121e2]" started-at="2025-08-07T21:39:47 IST" name="tearDownTest" finished-at="2025-08-07T21:39:50 IST" duration-ms="2339" status="PASS">
          <reporter-output>
          </reporter-output>
        </test-method> <!-- tearDownTest -->
        <test-method is-config="true" signature="flushReport()[pri:0, instance:OrangeHRMTest.LoginTest@1fa121e2]" started-at="2025-08-07T21:39:50 IST" name="flushReport" finished-at="2025-08-07T21:39:50 IST" duration-ms="49" status="PASS">
          <reporter-output>
          </reporter-output>
        </test-method> <!-- flushReport -->
      </class> <!-- OrangeHRMTest.LoginTest -->
    </test> <!-- EdgeTest -->
    <test started-at="2025-08-07T21:38:52 IST" name="ChromeTest" finished-at="2025-08-07T21:39:53 IST" duration-ms="60595">
      <class name="OrangeHRMTest.LoginTest">
        <test-method is-config="true" signature="initReport()[pri:0, instance:OrangeHRMTest.LoginTest@30c15d8b]" started-at="2025-08-07T21:38:52 IST" name="initReport" finished-at="2025-08-07T21:38:54 IST" duration-ms="1252" status="PASS">
          <reporter-output>
          </reporter-output>
        </test-method> <!-- initReport -->
        <test-method is-config="true" signature="setupTest()[pri:0, instance:OrangeHRMTest.LoginTest@30c15d8b]" started-at="2025-08-07T21:38:54 IST" name="setupTest" finished-at="2025-08-07T21:39:21 IST" duration-ms="27738" status="PASS">
          <reporter-output>
          </reporter-output>
        </test-method> <!-- setupTest -->
        <test-method signature="validLoginTest()[pri:1, instance:OrangeHRMTest.LoginTest@30c15d8b]" started-at="2025-08-07T21:39:21 IST" name="validLoginTest" finished-at="2025-08-07T21:39:26 IST" duration-ms="4413" status="PASS">
          <reporter-output>
          </reporter-output>
        </test-method> <!-- validLoginTest -->
        <test-method is-config="true" signature="tearDownTest()[pri:0, instance:OrangeHRMTest.LoginTest@30c15d8b]" started-at="2025-08-07T21:39:26 IST" name="tearDownTest" finished-at="2025-08-07T21:39:34 IST" duration-ms="8118" status="PASS">
          <reporter-output>
          </reporter-output>
        </test-method> <!-- tearDownTest -->
        <test-method is-config="true" signature="setupTest()[pri:0, instance:OrangeHRMTest.LoginTest@30c15d8b]" started-at="2025-08-07T21:39:34 IST" name="setupTest" finished-at="2025-08-07T21:39:46 IST" duration-ms="12168" status="PASS">
          <reporter-output>
          </reporter-output>
        </test-method> <!-- setupTest -->
        <test-method signature="invalidLoginTest()[pri:2, instance:OrangeHRMTest.LoginTest@30c15d8b]" started-at="2025-08-07T21:39:46 IST" name="invalidLoginTest" finished-at="2025-08-07T21:39:52 IST" duration-ms="5919" status="PASS">
          <reporter-output>
          </reporter-output>
        </test-method> <!-- invalidLoginTest -->
        <test-method is-config="true" signature="tearDownTest()[pri:0, instance:OrangeHRMTest.LoginTest@30c15d8b]" started-at="2025-08-07T21:39:52 IST" name="tearDownTest" finished-at="2025-08-07T21:39:53 IST" duration-ms="760" status="PASS">
          <reporter-output>
          </reporter-output>
        </test-method> <!-- tearDownTest -->
        <test-method is-config="true" signature="flushReport()[pri:0, instance:OrangeHRMTest.LoginTest@30c15d8b]" started-at="2025-08-07T21:39:53 IST" name="flushReport" finished-at="2025-08-07T21:39:53 IST" duration-ms="54" status="PASS">
          <reporter-output>
          </reporter-output>
        </test-method> <!-- flushReport -->
      </class> <!-- OrangeHRMTest.LoginTest -->
    </test> <!-- ChromeTest -->
  </suite> <!-- ParallelBrowserTest -->
</testng-results>
