<?xml version="1.0" encoding="UTF-8"?>
<testsuite xmlns:xsi="http://www.w3.org/2001/XMLSchema-instance" xsi:noNamespaceSchemaLocation="https://maven.apache.org/surefire/maven-surefire-plugin/xsd/surefire-test-report.xsd" version="3.0.2" name="TestSuite" time="62.16" tests="4" errors="0" skipped="0" failures="0">
  <properties>
[...]
</properties>
  <testcase name="validLoginTest" classname="OrangeHRMTest.LoginTest" time="4.533">
    <system-out><![CDATA[ScreenShot takenC:\Users\nagar\eclipse-workspace\.metadata_backup\OminiFy_2025\Reports\Screenshots\Before  Validlogin_20250807_213921.png
ScreenShot takenC:\Users\nagar\eclipse-workspace\.metadata_backup\OminiFy_2025\Reports\Screenshots\Before  Validlogin_20250807_213922.png
ScreenShot takenC:\Users\nagar\eclipse-workspace\.metadata_backup\OminiFy_2025\Reports\Screenshots\After ValidLogin_20250807_213926.png
]]></system-out>
    <system-err><![CDATA[SLF4J: Failed to load class "org.slf4j.impl.StaticLoggerBinder".
SLF4J: Defaulting to no-operation (NOP) logger implementation
SLF4J: See http://www.slf4j.org/codes.html#StaticLoggerBinder for further details.
Aug 07, 2025 9:39:14 PM org.openqa.selenium.devtools.CdpVersionFinder findNearestMatch
WARNING: Unable to find CDP implementation matching 138
Aug 07, 2025 9:39:14 PM org.openqa.selenium.chromium.ChromiumDriver lambda$new$5
WARNING: Unable to find version of CDP to use for 138.0.7204.169. You may need to include a dependency on a specific version of the CDP using something similar to `org.seleniumhq.selenium:selenium-devtools-v86:4.27.0` where the version ("v86") matches the version of the chromium-based browser you're using and the version number of the artifact is the same as Selenium's.
Aug 07, 2025 9:39:14 PM org.openqa.selenium.devtools.CdpVersionFinder findNearestMatch
WARNING: Unable to find CDP implementation matching 138
Aug 07, 2025 9:39:14 PM org.openqa.selenium.chromium.ChromiumDriver lambda$new$5
WARNING: Unable to find version of CDP to use for 138.0.7204.169. You may need to include a dependency on a specific version of the CDP using something similar to `org.seleniumhq.selenium:selenium-devtools-v86:4.27.0` where the version ("v86") matches the version of the chromium-based browser you're using and the version number of the artifact is the same as Selenium's.
]]></system-err>
  </testcase>
  <testcase name="validLoginTest" classname="OrangeHRMTest.LoginTest" time="5.293">
    <system-out><![CDATA[ScreenShot takenC:\Users\nagar\eclipse-workspace\.metadata_backup\OminiFy_2025\Reports\Screenshots\After ValidLogin_20250807_213926.png
]]></system-out>
  </testcase>
  <testcase name="invalidLoginTest" classname="OrangeHRMTest.LoginTest" time="1.322">
    <system-out><![CDATA[ScreenShot takenC:\Users\nagar\eclipse-workspace\.metadata_backup\OminiFy_2025\Reports\Screenshots\Before InValidlogin_20250807_213944.png
Error Message is : Invalid credentials
ScreenShot takenC:\Users\nagar\eclipse-workspace\.metadata_backup\OminiFy_2025\Reports\Screenshots\Before InValidlogin_20250807_213947.png
ScreenShot takenC:\Users\nagar\eclipse-workspace\.metadata_backup\OminiFy_2025\Reports\Screenshots\After InValidlogin_20250807_213947.png
]]></system-out>
    <system-err><![CDATA[Aug 07, 2025 9:39:37 PM org.openqa.selenium.devtools.CdpVersionFinder findNearestMatch
WARNING: Unable to find CDP implementation matching 138
Aug 07, 2025 9:39:37 PM org.openqa.selenium.chromium.ChromiumDriver lambda$new$5
WARNING: Unable to find version of CDP to use for 138.0.7204.169. You may need to include a dependency on a specific version of the CDP using something similar to `org.seleniumhq.selenium:selenium-devtools-v86:4.27.0` where the version ("v86") matches the version of the chromium-based browser you're using and the version number of the artifact is the same as Selenium's.
Aug 07, 2025 9:39:41 PM org.openqa.selenium.devtools.CdpVersionFinder findNearestMatch
WARNING: Unable to find CDP implementation matching 138
Aug 07, 2025 9:39:41 PM org.openqa.selenium.chromium.ChromiumDriver lambda$new$5
WARNING: Unable to find version of CDP to use for 138.0.7204.169. You may need to include a dependency on a specific version of the CDP using something similar to `org.seleniumhq.selenium:selenium-devtools-v86:4.27.0` where the version ("v86") matches the version of the chromium-based browser you're using and the version number of the artifact is the same as Selenium's.
]]></system-err>
  </testcase>
  <testcase name="invalidLoginTest" classname="OrangeHRMTest.LoginTest" time="5.915">
    <system-out><![CDATA[Error Message is : Invalid credentials
ScreenShot takenC:\Users\nagar\eclipse-workspace\.metadata_backup\OminiFy_2025\Reports\Screenshots\After InValidlogin_20250807_213952.png
]]></system-out>
  </testcase>
</testsuite>