<?xml version="1.0" encoding="UTF-8"?>
<testng-results ignored="0" total="2" passed="2" failed="0" skipped="0">
  <reporter-output>
  </reporter-output>
  <suite started-at="2025-08-07T19:32:10 IST" name="Default suite" finished-at="2025-08-07T19:32:48 IST" duration-ms="37974">
    <groups>
    </groups>
    <test started-at="2025-08-07T19:32:10 IST" name="Default test" finished-at="2025-08-07T19:32:48 IST" duration-ms="37974">
      <class name="OrangeHRMTest.LoginTest">
        <test-method is-config="true" signature="initReport()[pri:0, instance:OrangeHRMTest.LoginTest@2e377400]" started-at="2025-08-07T19:32:10 IST" name="initReport" finished-at="2025-08-07T19:32:10 IST" duration-ms="652" status="PASS">
          <reporter-output>
          </reporter-output>
        </test-method> <!-- initReport -->
        <test-method is-config="true" signature="setupTest()[pri:0, instance:OrangeHRMTest.LoginTest@2e377400]" started-at="2025-08-07T19:32:10 IST" name="setupTest" finished-at="2025-08-07T19:32:26 IST" duration-ms="16115" status="PASS">
          <reporter-output>
          </reporter-output>
        </test-method> <!-- setupTest -->
        <test-method signature="validLoginTest()[pri:1, instance:OrangeHRMTest.LoginTest@2e377400]" started-at="2025-08-07T19:32:26 IST" name="validLoginTest" finished-at="2025-08-07T19:32:30 IST" duration-ms="3601" status="PASS">
          <reporter-output>
          </reporter-output>
        </test-method> <!-- validLoginTest -->
        <test-method is-config="true" signature="tearDownTest()[pri:0, instance:OrangeHRMTest.LoginTest@2e377400]" started-at="2025-08-07T19:32:30 IST" name="tearDownTest" finished-at="2025-08-07T19:32:34 IST" duration-ms="4270" status="PASS">
          <reporter-output>
          </reporter-output>
        </test-method> <!-- tearDownTest -->
        <test-method is-config="true" signature="setupTest()[pri:0, instance:OrangeHRMTest.LoginTest@2e377400]" started-at="2025-08-07T19:32:34 IST" name="setupTest" finished-at="2025-08-07T19:32:43 IST" duration-ms="8427" status="PASS">
          <reporter-output>
          </reporter-output>
        </test-method> <!-- setupTest -->
        <test-method signature="invalidLoginTest()[pri:2, instance:OrangeHRMTest.LoginTest@2e377400]" started-at="2025-08-07T19:32:43 IST" name="invalidLoginTest" finished-at="2025-08-07T19:32:47 IST" duration-ms="4191" status="PASS">
          <reporter-output>
          </reporter-output>
        </test-method> <!-- invalidLoginTest -->
        <test-method is-config="true" signature="tearDownTest()[pri:0, instance:OrangeHRMTest.LoginTest@2e377400]" started-at="2025-08-07T19:32:47 IST" name="tearDownTest" finished-at="2025-08-07T19:32:48 IST" duration-ms="594" status="PASS">
          <reporter-output>
          </reporter-output>
        </test-method> <!-- tearDownTest -->
        <test-method is-config="true" signature="flushReport()[pri:0, instance:OrangeHRMTest.LoginTest@2e377400]" started-at="2025-08-07T19:32:48 IST" name="flushReport" finished-at="2025-08-07T19:32:48 IST" duration-ms="39" status="PASS">
          <reporter-output>
          </reporter-output>
        </test-method> <!-- flushReport -->
      </class> <!-- OrangeHRMTest.LoginTest -->
    </test> <!-- Default test -->
  </suite> <!-- Default suite -->
</testng-results>
