<?xml version="1.0" encoding="UTF-8"?>
<testng-results ignored="0" total="2" passed="2" failed="0" skipped="0">
  <reporter-output>
  </reporter-output>
  <suite started-at="2025-08-07T21:53:16 IST" name="Default suite" finished-at="2025-08-07T21:53:53 IST" duration-ms="37200">
    <groups>
    </groups>
    <test started-at="2025-08-07T21:53:16 IST" name="Default test" finished-at="2025-08-07T21:53:53 IST" duration-ms="37200">
      <class name="OrangeHRMTest.LoginTest">
        <test-method is-config="true" signature="initReport()[pri:0, instance:OrangeHRMTest.LoginTest@2e377400]" started-at="2025-08-07T21:53:16 IST" name="initReport" finished-at="2025-08-07T21:53:17 IST" duration-ms="682" status="PASS">
          <reporter-output>
          </reporter-output>
        </test-method> <!-- initReport -->
        <test-method is-config="true" signature="setupTest()[pri:0, instance:OrangeHRMTest.LoginTest@2e377400]" started-at="2025-08-07T21:53:17 IST" name="setupTest" finished-at="2025-08-07T21:53:31 IST" duration-ms="13649" status="PASS">
          <reporter-output>
          </reporter-output>
        </test-method> <!-- setupTest -->
        <test-method signature="validLoginTest()[pri:1, instance:OrangeHRMTest.LoginTest@2e377400]" started-at="2025-08-07T21:53:31 IST" name="validLoginTest" finished-at="2025-08-07T21:53:34 IST" duration-ms="3567" status="PASS">
          <reporter-output>
          </reporter-output>
        </test-method> <!-- validLoginTest -->
        <test-method is-config="true" signature="tearDownTest()[pri:0, instance:OrangeHRMTest.LoginTest@2e377400]" started-at="2025-08-07T21:53:34 IST" name="tearDownTest" finished-at="2025-08-07T21:53:39 IST" duration-ms="4377" status="PASS">
          <reporter-output>
          </reporter-output>
        </test-method> <!-- tearDownTest -->
        <test-method is-config="true" signature="setupTest()[pri:0, instance:OrangeHRMTest.LoginTest@2e377400]" started-at="2025-08-07T21:53:39 IST" name="setupTest" finished-at="2025-08-07T21:53:48 IST" duration-ms="9649" status="PASS">
          <reporter-output>
          </reporter-output>
        </test-method> <!-- setupTest -->
        <test-method signature="invalidLoginTest()[pri:2, instance:OrangeHRMTest.LoginTest@2e377400]" started-at="2025-08-07T21:53:48 IST" name="invalidLoginTest" finished-at="2025-08-07T21:53:53 IST" duration-ms="4567" status="PASS">
          <reporter-output>
          </reporter-output>
        </test-method> <!-- invalidLoginTest -->
        <test-method is-config="true" signature="tearDownTest()[pri:0, instance:OrangeHRMTest.LoginTest@2e377400]" started-at="2025-08-07T21:53:53 IST" name="tearDownTest" finished-at="2025-08-07T21:53:53 IST" duration-ms="599" status="PASS">
          <reporter-output>
          </reporter-output>
        </test-method> <!-- tearDownTest -->
        <test-method is-config="true" signature="flushReport()[pri:0, instance:OrangeHRMTest.LoginTest@2e377400]" started-at="2025-08-07T21:53:53 IST" name="flushReport" finished-at="2025-08-07T21:53:53 IST" duration-ms="28" status="PASS">
          <reporter-output>
          </reporter-output>
        </test-method> <!-- flushReport -->
      </class> <!-- OrangeHRMTest.LoginTest -->
    </test> <!-- Default test -->
  </suite> <!-- Default suite -->
</testng-results>
